<?xml version="1.0" encoding="UTF-8"?>
<!-- Generated by org.testng.reporters.JUnitReportReporter -->
<testsuite hostname="DESKTOP-1AO5130" failures="0" tests="1" name="rahulsheltyacademy.com.ExtentReports.ExtentReportDemo" time="8.116" errors="0" timestamp="2021-02-03T16:06:24 EST" skipped="0">
  <testcase classname="rahulsheltyacademy.com.ExtentReports.ExtentReportDemo" name="initialDemo" time="8.116"/>
</testsuite> <!-- rahulsheltyacademy.com.ExtentReports.ExtentReportDemo -->
